OTPDemo/app/build/outputs/logs/manifest-merger-debug-report.txt
-- Merging decision tree log ---
manifest
ADDED from src\main\AndroidManifest.xml:1:1-56:12
	package
		ADDED from src\main\AndroidManifest.xml:2:5-43
		INJECTED from src\main\AndroidManifest.xml
		INJECTED from src\main\AndroidManifest.xml
	android:versionName
		ADDED from src\main\AndroidManifest.xml:4:5-30
		INJECTED from src\main\AndroidManifest.xml
		INJECTED from src\main\AndroidManifest.xml
	android:versionCode
		ADDED from src\main\AndroidManifest.xml:3:5-28
		INJECTED from src\main\AndroidManifest.xml
		INJECTED from src\main\AndroidManifest.xml
	xmlns:android
		ADDED from src\main\AndroidManifest.xml:1:11-69
uses-sdk
ADDED from src\main\AndroidManifest.xml:6:5-8:41
	android:targetSdkVersion
		ADDED from src\main\AndroidManifest.xml:8:9-38
		INJECTED from src\main\AndroidManifest.xml
		INJECTED from src\main\AndroidManifest.xml
	android:minSdkVersion
		ADDED from src\main\AndroidManifest.xml:7:9-34
		INJECTED from src\main\AndroidManifest.xml
		INJECTED from src\main\AndroidManifest.xml
application
ADDED from src\main\AndroidManifest.xml:10:5-50:19
	android:label
		ADDED from src\main\AndroidManifest.xml:11:9-41
activity#android.intel.sample.otpdemo.OTPDemoActivity
ADDED from src\main\AndroidManifest.xml:12:9-21:20
	android:screenOrientation
		ADDED from src\main\AndroidManifest.xml:15:13-49
	android:label
		ADDED from src\main\AndroidManifest.xml:14:13-45
	android:name
		ADDED from src\main\AndroidManifest.xml:13:13-72
intent-filter#android.intent.action.MAIN+android.intent.category.LAUNCHER
ADDED from src\main\AndroidManifest.xml:16:13-20:29
action#android.intent.action.MAIN
ADDED from src\main\AndroidManifest.xml:17:17-69
	android:name
		ADDED from src\main\AndroidManifest.xml:17:25-66
category#android.intent.category.LAUNCHER
ADDED from src\main\AndroidManifest.xml:19:17-77
	android:name
		ADDED from src\main\AndroidManifest.xml:19:27-74
activity#android.intel.sample.otpdemo.LoginActivity
ADDED from src\main\AndroidManifest.xml:22:9-27:20
	android:screenOrientation
		ADDED from src\main\AndroidManifest.xml:26:13-49
	android:label
		ADDED from src\main\AndroidManifest.xml:25:13-34
	class
		ADDED from src\main\AndroidManifest.xml:24:13-35
	android:name
		ADDED from src\main\AndroidManifest.xml:23:13-70
activity#android.intel.sample.otpdemo.ProvisionActivity
ADDED from src\main\AndroidManifest.xml:28:9-33:20
	android:screenOrientation
		ADDED from src\main\AndroidManifest.xml:32:13-49
	android:label
		ADDED from src\main\AndroidManifest.xml:31:13-45
	class
		ADDED from src\main\AndroidManifest.xml:30:13-39
	android:name
		ADDED from src\main\AndroidManifest.xml:29:13-74
activity#android.intel.sample.otpdemo.OTPVerifyActivity
ADDED from src\main\AndroidManifest.xml:34:9-39:20
	android:screenOrientation
		ADDED from src\main\AndroidManifest.xml:38:13-49
	android:label
		ADDED from src\main\AndroidManifest.xml:37:13-39
	class
		ADDED from src\main\AndroidManifest.xml:36:13-39
	android:name
		ADDED from src\main\AndroidManifest.xml:35:13-74
activity#android.intel.sample.otpdemo.OTPGenerateActivity
ADDED from src\main\AndroidManifest.xml:40:9-45:20
	android:screenOrientation
		ADDED from src\main\AndroidManifest.xml:44:13-49
	android:label
		ADDED from src\main\AndroidManifest.xml:43:13-41
	class
		ADDED from src\main\AndroidManifest.xml:42:13-41
	android:name
		ADDED from src\main\AndroidManifest.xml:41:13-76
uses-library#com.intel.security.service.sepmanager
ADDED from src\main\AndroidManifest.xml:47:9-49:39
	android:required
		ADDED from src\main\AndroidManifest.xml:49:13-36
	android:name
		ADDED from src\main\AndroidManifest.xml:48:13-65
uses-permission#android.permission.INTERNET
ADDED from src\main\AndroidManifest.xml:52:5-67
	android:name
		ADDED from src\main\AndroidManifest.xml:52:22-64
uses-permission#android.permission.ACCESS_WIFI_STATE
ADDED from src\main\AndroidManifest.xml:53:5-76
	android:name
		ADDED from src\main\AndroidManifest.xml:53:22-73
uses-permission#android.permission.CHANGE_WIFI_STATE
ADDED from src\main\AndroidManifest.xml:54:5-76
	android:name
		ADDED from src\main\AndroidManifest.xml:54:22-73